[Tue Feb 28 15:49:36 2017] [info] user_id:1, set password 0646a997f3d1e7d3b80bfea4318b5bcca3f2bef9
[Tue Feb 28 15:50:02 2017] [info] user_id:1, set password 0646a997f3d1e7d3b80bfea4318b5bcca3f2bef9
[Tue Feb 28 15:51:02 2017] [info] user_id:1, set password 0646a997f3d1e7d3b80bfea4318b5bcca3f2bef9
[Wed Mar  1 14:26:57 2017] [debug] Your secret passphrase needs to be changed
[Wed Mar  1 14:26:57 2017] [debug] Your secret passphrase needs to be changed
[Wed Mar  1 14:27:25 2017] [debug] Your secret passphrase needs to be changed
[Wed Mar  1 14:27:26 2017] [debug] Your secret passphrase needs to be changed
[Wed Mar  1 14:29:20 2017] [debug] Your secret passphrase needs to be changed
[Wed Mar  1 14:29:30 2017] [debug] Your secret passphrase needs to be changed
[Wed Mar  1 14:29:31 2017] [debug] Your secret passphrase needs to be changed
[Wed Mar  1 14:29:56 2017] [debug] Your secret passphrase needs to be changed
[Wed Mar  1 14:29:56 2017] [debug] Your secret passphrase needs to be changed
[Wed Mar  1 14:30:36 2017] [debug] Your secret passphrase needs to be changed
[Wed Mar  1 14:30:36 2017] [debug] Your secret passphrase needs to be changed
[Wed Mar  1 14:30:44 2017] [debug] Your secret passphrase needs to be changed
[Wed Mar  1 14:30:44 2017] [debug] Your secret passphrase needs to be changed
[Wed Mar  1 14:31:54 2017] [debug] Your secret passphrase needs to be changed
[Wed Mar  1 14:31:54 2017] [debug] Your secret passphrase needs to be changed
[Wed Mar  1 14:31:57 2017] [debug] Your secret passphrase needs to be changed
[Wed Mar  1 14:31:57 2017] [debug] Your secret passphrase needs to be changed
[Wed Mar  1 14:32:01 2017] [debug] Your secret passphrase needs to be changed
[Wed Mar  1 14:32:01 2017] [debug] Your secret passphrase needs to be changed
[Wed Mar  1 14:38:50 2017] [debug] Your secret passphrase needs to be changed
[Wed Mar  1 14:38:50 2017] [debug] Your secret passphrase needs to be changed
[Wed Mar  1 14:39:25 2017] [debug] Your secret passphrase needs to be changed
[Wed Mar  1 14:39:25 2017] [debug] Your secret passphrase needs to be changed
[Wed Mar  1 14:40:19 2017] [debug] Your secret passphrase needs to be changed
[Wed Mar  1 14:40:20 2017] [debug] Your secret passphrase needs to be changed
[Wed Mar  1 14:42:04 2017] [debug] Your secret passphrase needs to be changed
[Wed Mar  1 14:42:04 2017] [debug] Your secret passphrase needs to be changed
[Wed Mar  1 14:42:52 2017] [debug] Your secret passphrase needs to be changed
[Wed Mar  1 14:42:52 2017] [debug] Your secret passphrase needs to be changed
[Wed Mar  1 14:45:19 2017] [debug] Your secret passphrase needs to be changed
[Wed Mar  1 14:45:19 2017] [debug] Your secret passphrase needs to be changed
[Wed Mar  1 14:45:41 2017] [debug] Your secret passphrase needs to be changed
[Wed Mar  1 14:45:42 2017] [debug] Your secret passphrase needs to be changed
[Wed Mar  1 14:45:44 2017] [debug] Your secret passphrase needs to be changed
[Wed Mar  1 14:45:44 2017] [debug] Your secret passphrase needs to be changed
[Wed Mar  1 14:45:54 2017] [debug] Your secret passphrase needs to be changed
[Wed Mar  1 14:45:55 2017] [debug] Your secret passphrase needs to be changed
[Wed Mar  1 14:47:40 2017] [debug] Your secret passphrase needs to be changed
[Wed Mar  1 14:47:40 2017] [debug] Your secret passphrase needs to be changed
[Wed Mar  1 14:53:02 2017] [debug] Your secret passphrase needs to be changed
[Wed Mar  1 14:53:03 2017] [debug] Your secret passphrase needs to be changed
[Wed Mar  1 14:53:17 2017] [debug] Your secret passphrase needs to be changed
[Wed Mar  1 14:53:17 2017] [debug] Your secret passphrase needs to be changed
[Wed Mar  1 14:53:26 2017] [debug] Your secret passphrase needs to be changed
[Wed Mar  1 14:53:26 2017] [debug] Your secret passphrase needs to be changed
[Wed Mar  1 15:04:31 2017] [debug] Your secret passphrase needs to be changed
[Wed Mar  1 15:04:32 2017] [debug] Your secret passphrase needs to be changed
[Wed Mar  1 15:04:38 2017] [debug] Your secret passphrase needs to be changed
[Wed Mar  1 15:04:38 2017] [debug] Your secret passphrase needs to be changed
[Wed Mar  1 15:06:35 2017] [debug] Your secret passphrase needs to be changed
[Wed Mar  1 15:06:35 2017] [debug] Your secret passphrase needs to be changed
[Wed Mar  1 15:06:51 2017] [debug] Your secret passphrase needs to be changed
[Wed Mar  1 15:06:52 2017] [debug] Your secret passphrase needs to be changed
[Wed Mar  1 15:06:58 2017] [debug] Your secret passphrase needs to be changed
[Wed Mar  1 15:06:58 2017] [debug] Your secret passphrase needs to be changed
[Wed Mar  1 15:08:05 2017] [debug] Your secret passphrase needs to be changed
[Wed Mar  1 15:08:05 2017] [debug] Your secret passphrase needs to be changed
[Wed Mar  1 15:08:15 2017] [debug] Your secret passphrase needs to be changed
[Wed Mar  1 15:08:15 2017] [debug] Your secret passphrase needs to be changed
[Wed Mar  1 15:08:32 2017] [debug] Your secret passphrase needs to be changed
[Wed Mar  1 15:08:33 2017] [debug] Your secret passphrase needs to be changed
[Wed Mar  1 15:08:57 2017] [debug] Your secret passphrase needs to be changed
[Wed Mar  1 15:08:57 2017] [debug] Your secret passphrase needs to be changed
[Wed Mar  1 15:09:10 2017] [debug] Your secret passphrase needs to be changed
[Wed Mar  1 15:09:10 2017] [debug] Your secret passphrase needs to be changed
[Wed Mar  1 15:09:33 2017] [debug] Your secret passphrase needs to be changed
[Wed Mar  1 15:09:34 2017] [debug] Your secret passphrase needs to be changed
[Wed Mar  1 15:09:58 2017] [debug] Your secret passphrase needs to be changed
[Wed Mar  1 15:09:58 2017] [debug] Your secret passphrase needs to be changed
[Wed Mar  1 15:10:09 2017] [debug] Your secret passphrase needs to be changed
[Wed Mar  1 15:10:10 2017] [debug] Your secret passphrase needs to be changed
[Wed Mar  1 15:10:23 2017] [debug] Your secret passphrase needs to be changed
[Wed Mar  1 15:10:23 2017] [debug] Your secret passphrase needs to be changed
[Wed Mar  1 15:10:59 2017] [debug] Your secret passphrase needs to be changed
[Wed Mar  1 15:10:59 2017] [debug] Your secret passphrase needs to be changed
[Wed Mar  1 15:11:52 2017] [debug] Your secret passphrase needs to be changed
[Wed Mar  1 15:11:53 2017] [debug] Your secret passphrase needs to be changed
[Wed Mar  1 15:12:18 2017] [debug] Your secret passphrase needs to be changed
[Wed Mar  1 15:12:18 2017] [debug] Your secret passphrase needs to be changed
[Wed Mar  1 15:12:54 2017] [debug] Your secret passphrase needs to be changed
[Wed Mar  1 15:12:55 2017] [debug] Your secret passphrase needs to be changed
[Wed Mar  1 15:13:05 2017] [debug] Your secret passphrase needs to be changed
[Wed Mar  1 15:13:05 2017] [debug] Your secret passphrase needs to be changed
[Wed Mar  1 15:13:09 2017] [debug] Your secret passphrase needs to be changed
[Wed Mar  1 15:13:10 2017] [debug] Your secret passphrase needs to be changed
[Wed Mar  1 15:14:04 2017] [debug] Your secret passphrase needs to be changed
[Wed Mar  1 15:14:04 2017] [debug] Your secret passphrase needs to be changed
[Wed Mar  1 15:14:36 2017] [debug] Your secret passphrase needs to be changed
[Wed Mar  1 15:14:36 2017] [debug] Your secret passphrase needs to be changed
[Wed Mar  1 15:14:45 2017] [debug] Your secret passphrase needs to be changed
[Wed Mar  1 15:14:45 2017] [debug] Your secret passphrase needs to be changed
[Wed Mar  1 15:14:54 2017] [debug] Your secret passphrase needs to be changed
[Wed Mar  1 15:14:54 2017] [debug] Your secret passphrase needs to be changed
[Wed Mar  1 15:14:59 2017] [debug] Your secret passphrase needs to be changed
[Wed Mar  1 15:14:59 2017] [debug] Your secret passphrase needs to be changed
[Wed Mar  1 15:15:04 2017] [debug] Your secret passphrase needs to be changed
[Wed Mar  1 15:15:04 2017] [debug] Your secret passphrase needs to be changed
[Wed Mar  1 15:15:37 2017] [debug] Your secret passphrase needs to be changed
[Wed Mar  1 15:15:38 2017] [debug] Your secret passphrase needs to be changed
[Wed Mar  1 15:15:58 2017] [debug] Your secret passphrase needs to be changed
[Wed Mar  1 15:15:58 2017] [debug] Your secret passphrase needs to be changed
[Wed Mar  1 15:16:24 2017] [debug] Your secret passphrase needs to be changed
[Wed Mar  1 15:16:24 2017] [debug] Your secret passphrase needs to be changed
[Wed Mar  1 15:16:35 2017] [debug] Your secret passphrase needs to be changed
[Wed Mar  1 15:16:35 2017] [debug] Your secret passphrase needs to be changed
[Wed Mar  1 15:16:39 2017] [debug] Your secret passphrase needs to be changed
[Wed Mar  1 15:16:39 2017] [debug] Your secret passphrase needs to be changed
[Wed Mar  1 15:16:59 2017] [debug] Your secret passphrase needs to be changed
[Wed Mar  1 15:17:00 2017] [debug] Your secret passphrase needs to be changed
[Wed Mar  1 15:17:19 2017] [debug] Your secret passphrase needs to be changed
[Wed Mar  1 15:17:19 2017] [debug] Your secret passphrase needs to be changed
[Wed Mar  1 15:17:25 2017] [debug] Your secret passphrase needs to be changed
[Wed Mar  1 15:17:25 2017] [debug] Your secret passphrase needs to be changed
[Wed Mar  1 15:17:50 2017] [debug] Your secret passphrase needs to be changed
[Wed Mar  1 15:17:50 2017] [debug] Your secret passphrase needs to be changed
[Wed Mar  1 15:18:09 2017] [debug] Your secret passphrase needs to be changed
[Wed Mar  1 15:18:09 2017] [debug] Your secret passphrase needs to be changed
[Wed Mar  1 17:42:14 2017] [debug] Your secret passphrase needs to be changed
[Wed Mar  1 17:42:15 2017] [debug] Your secret passphrase needs to be changed
[Wed Mar  1 17:42:39 2017] [debug] Your secret passphrase needs to be changed
[Wed Mar  1 17:42:39 2017] [debug] Your secret passphrase needs to be changed
[Wed Mar  1 17:42:49 2017] [debug] Your secret passphrase needs to be changed
[Wed Mar  1 17:42:49 2017] [debug] Your secret passphrase needs to be changed
[Wed Mar  1 17:42:55 2017] [debug] Your secret passphrase needs to be changed
[Wed Mar  1 17:42:55 2017] [debug] Your secret passphrase needs to be changed
[Wed Mar  1 17:42:57 2017] [debug] Your secret passphrase needs to be changed
[Wed Mar  1 17:42:57 2017] [debug] Your secret passphrase needs to be changed
[Wed Mar  1 17:44:20 2017] [debug] Your secret passphrase needs to be changed
[Wed Mar  1 17:44:20 2017] [debug] Your secret passphrase needs to be changed
[Wed Mar  1 17:44:29 2017] [debug] Your secret passphrase needs to be changed
[Wed Mar  1 17:44:29 2017] [debug] Your secret passphrase needs to be changed
[Wed Mar  1 17:44:39 2017] [debug] Your secret passphrase needs to be changed
[Wed Mar  1 17:44:40 2017] [debug] Your secret passphrase needs to be changed
[Wed Mar  1 17:45:31 2017] [debug] Your secret passphrase needs to be changed
[Wed Mar  1 17:45:31 2017] [debug] Your secret passphrase needs to be changed
[Wed Mar  1 17:45:54 2017] [debug] Your secret passphrase needs to be changed
[Wed Mar  1 17:45:54 2017] [debug] Your secret passphrase needs to be changed
[Wed Mar  1 17:46:12 2017] [debug] Your secret passphrase needs to be changed
[Wed Mar  1 17:46:12 2017] [debug] Your secret passphrase needs to be changed
[Wed Mar  1 17:46:22 2017] [debug] Your secret passphrase needs to be changed
[Wed Mar  1 17:46:22 2017] [debug] Your secret passphrase needs to be changed
[Wed Mar  1 23:46:01 2017] [debug] Your secret passphrase needs to be changed
[Wed Mar  1 23:46:01 2017] [debug] Your secret passphrase needs to be changed
[Wed Mar  1 23:46:45 2017] [debug] Your secret passphrase needs to be changed
[Wed Mar  1 23:46:45 2017] [debug] Your secret passphrase needs to be changed
[Wed Mar  1 23:47:37 2017] [debug] Your secret passphrase needs to be changed
[Wed Mar  1 23:47:37 2017] [debug] Your secret passphrase needs to be changed
[Wed Mar  1 23:47:50 2017] [debug] Your secret passphrase needs to be changed
[Wed Mar  1 23:47:50 2017] [debug] Your secret passphrase needs to be changed
[Wed Mar  1 23:48:58 2017] [debug] Your secret passphrase needs to be changed
[Wed Mar  1 23:48:58 2017] [debug] Your secret passphrase needs to be changed
[Wed Mar  1 23:49:08 2017] [debug] Your secret passphrase needs to be changed
[Wed Mar  1 23:49:08 2017] [debug] Your secret passphrase needs to be changed
[Wed Mar  1 23:50:07 2017] [debug] Your secret passphrase needs to be changed
[Wed Mar  1 23:50:07 2017] [debug] Your secret passphrase needs to be changed
[Wed Mar  1 23:50:19 2017] [debug] Your secret passphrase needs to be changed
[Wed Mar  1 23:50:20 2017] [debug] Your secret passphrase needs to be changed
[Wed Mar  1 23:51:08 2017] [debug] Your secret passphrase needs to be changed
[Wed Mar  1 23:51:09 2017] [debug] Your secret passphrase needs to be changed
[Wed Mar  1 23:51:14 2017] [debug] Your secret passphrase needs to be changed
[Wed Mar  1 23:51:15 2017] [debug] Your secret passphrase needs to be changed
[Wed Mar  1 23:51:21 2017] [debug] Your secret passphrase needs to be changed
[Wed Mar  1 23:51:22 2017] [debug] Your secret passphrase needs to be changed
[Wed Mar  1 23:51:45 2017] [debug] Your secret passphrase needs to be changed
[Wed Mar  1 23:51:45 2017] [debug] Your secret passphrase needs to be changed
[Wed Mar  1 23:53:03 2017] [debug] Your secret passphrase needs to be changed
[Wed Mar  1 23:53:03 2017] [debug] Your secret passphrase needs to be changed
[Wed Mar  1 23:56:39 2017] [debug] Your secret passphrase needs to be changed
[Wed Mar  1 23:56:39 2017] [debug] Your secret passphrase needs to be changed
[Wed Mar  1 23:57:46 2017] [debug] Your secret passphrase needs to be changed
[Wed Mar  1 23:57:46 2017] [debug] Your secret passphrase needs to be changed
[Wed Mar  1 23:58:00 2017] [debug] Your secret passphrase needs to be changed
[Wed Mar  1 23:58:01 2017] [debug] Your secret passphrase needs to be changed
[Thu Mar  2 00:02:45 2017] [debug] Your secret passphrase needs to be changed
[Thu Mar  2 00:02:46 2017] [debug] Your secret passphrase needs to be changed
[Thu Mar  2 00:02:53 2017] [debug] Your secret passphrase needs to be changed
[Thu Mar  2 00:02:53 2017] [debug] Your secret passphrase needs to be changed
[Thu Mar  2 00:03:05 2017] [debug] Your secret passphrase needs to be changed
[Thu Mar  2 00:03:06 2017] [debug] Your secret passphrase needs to be changed
[Thu Mar  2 00:03:24 2017] [debug] Your secret passphrase needs to be changed
[Thu Mar  2 00:03:24 2017] [debug] Your secret passphrase needs to be changed
[Thu Mar  2 00:03:34 2017] [debug] Your secret passphrase needs to be changed
[Thu Mar  2 00:03:34 2017] [debug] Your secret passphrase needs to be changed
[Thu Mar  2 00:03:44 2017] [debug] Your secret passphrase needs to be changed
[Thu Mar  2 00:03:44 2017] [debug] Your secret passphrase needs to be changed
[Thu Mar  2 00:03:58 2017] [debug] Your secret passphrase needs to be changed
[Thu Mar  2 00:03:59 2017] [debug] Your secret passphrase needs to be changed
[Thu Mar  2 00:07:25 2017] [debug] Your secret passphrase needs to be changed
[Thu Mar  2 00:07:25 2017] [debug] Your secret passphrase needs to be changed
[Thu Mar  2 00:07:46 2017] [debug] Your secret passphrase needs to be changed
[Thu Mar  2 00:07:46 2017] [debug] Your secret passphrase needs to be changed
[Thu Mar  2 00:07:59 2017] [debug] Your secret passphrase needs to be changed
[Thu Mar  2 00:07:59 2017] [debug] Your secret passphrase needs to be changed
[Thu Mar  2 00:08:04 2017] [debug] Your secret passphrase needs to be changed
[Thu Mar  2 00:08:05 2017] [debug] Your secret passphrase needs to be changed
[Thu Mar  2 00:08:07 2017] [debug] Your secret passphrase needs to be changed
[Thu Mar  2 00:08:07 2017] [debug] Your secret passphrase needs to be changed
[Thu Mar  2 00:12:48 2017] [debug] Your secret passphrase needs to be changed
[Thu Mar  2 00:12:48 2017] [debug] Your secret passphrase needs to be changed
[Thu Mar  2 00:12:49 2017] [debug] Your secret passphrase needs to be changed
[Thu Mar  2 00:12:50 2017] [debug] Your secret passphrase needs to be changed
[Thu Mar  2 00:12:51 2017] [debug] Your secret passphrase needs to be changed
[Thu Mar  2 00:14:12 2017] [debug] Your secret passphrase needs to be changed
[Thu Mar  2 00:14:12 2017] [debug] Your secret passphrase needs to be changed
[Thu Mar  2 00:14:13 2017] [debug] Your secret passphrase needs to be changed
[Thu Mar  2 00:14:14 2017] [debug] Your secret passphrase needs to be changed
[Thu Mar  2 00:14:15 2017] [debug] Your secret passphrase needs to be changed
[Thu Mar  2 02:19:39 2017] [debug] Your secret passphrase needs to be changed
[Thu Mar  2 02:19:39 2017] [debug] Your secret passphrase needs to be changed
[Thu Mar  2 02:20:12 2017] [debug] Your secret passphrase needs to be changed
[Thu Mar  2 02:20:12 2017] [debug] Your secret passphrase needs to be changed
[Thu Mar  2 02:20:22 2017] [debug] Your secret passphrase needs to be changed
[Thu Mar  2 02:20:22 2017] [debug] Your secret passphrase needs to be changed
[Thu Mar  2 02:20:43 2017] [debug] Your secret passphrase needs to be changed
[Thu Mar  2 02:20:44 2017] [debug] Your secret passphrase needs to be changed
[Thu Mar  2 02:22:38 2017] [debug] Your secret passphrase needs to be changed
[Thu Mar  2 02:22:38 2017] [debug] Your secret passphrase needs to be changed
[Thu Mar  2 02:22:38 2017] [debug] GET "/welcome"
[Thu Mar  2 02:22:38 2017] [debug] Template "not_found.development.html.ep" not found
[Thu Mar  2 02:22:38 2017] [debug] Template "not_found.html.ep" not found
[Thu Mar  2 02:22:38 2017] [debug] Rendering template "mojo/debug.html.ep"
[Thu Mar  2 02:22:38 2017] [debug] Rendering template "mojo/menubar.html.ep"
[Thu Mar  2 02:22:38 2017] [debug] 404 Not Found (0.012671s, 78.920/s)
[Thu Mar  2 02:22:38 2017] [error] Can't locate object method "catch" via package "1" (perhaps you forgot to load "1"?) at /home/kostya/ht/t/../lib/HelpTasker.pm line 158.

[Thu Mar  2 02:22:38 2017] [debug] Template "exception.development.html.ep" not found
[Thu Mar  2 02:22:38 2017] [debug] Template "exception.html.ep" not found
[Thu Mar  2 02:22:38 2017] [debug] Rendering cached template "mojo/debug.html.ep"
[Thu Mar  2 02:22:38 2017] [debug] Rendering cached template "mojo/menubar.html.ep"
[Thu Mar  2 02:22:43 2017] [debug] Your secret passphrase needs to be changed
[Thu Mar  2 02:22:44 2017] [debug] Your secret passphrase needs to be changed
[Thu Mar  2 02:22:44 2017] [debug] GET "/bye"
[Thu Mar  2 02:22:44 2017] [debug] Routing to a callback
[Thu Mar  2 02:22:44 2017] [debug] 200 OK (0.000343s, 2915.452/s)
[Thu Mar  2 02:22:44 2017] [error] Can't locate object method "catch" via package "1" (perhaps you forgot to load "1"?) at /home/kostya/ht/t/../lib/HelpTasker.pm line 158.

[Thu Mar  2 02:22:44 2017] [debug] Template "exception.development.html.ep" not found
[Thu Mar  2 02:22:44 2017] [debug] Template "exception.html.ep" not found
[Thu Mar  2 02:22:44 2017] [debug] Rendering template "mojo/debug.html.ep"
[Thu Mar  2 02:22:44 2017] [debug] Rendering template "mojo/menubar.html.ep"
[Thu Mar  2 02:22:45 2017] [debug] Your secret passphrase needs to be changed
[Thu Mar  2 02:22:45 2017] [debug] Your secret passphrase needs to be changed
[Thu Mar  2 02:22:45 2017] [debug] GET "/bye"
[Thu Mar  2 02:22:45 2017] [debug] Routing to a callback
[Thu Mar  2 02:22:45 2017] [debug] 200 OK (0.000339s, 2949.853/s)
[Thu Mar  2 02:22:45 2017] [error] Can't locate object method "catch" via package "1" (perhaps you forgot to load "1"?) at /home/kostya/ht/t/../lib/HelpTasker.pm line 158.

[Thu Mar  2 02:22:45 2017] [debug] Template "exception.development.html.ep" not found
[Thu Mar  2 02:22:45 2017] [debug] Template "exception.html.ep" not found
[Thu Mar  2 02:22:45 2017] [debug] Rendering template "mojo/debug.html.ep"
[Thu Mar  2 02:22:45 2017] [debug] Rendering template "mojo/menubar.html.ep"
[Thu Mar  2 02:22:55 2017] [debug] Your secret passphrase needs to be changed
[Thu Mar  2 02:22:55 2017] [debug] Your secret passphrase needs to be changed
[Thu Mar  2 02:22:55 2017] [debug] GET "/bye"
[Thu Mar  2 02:22:55 2017] [debug] Routing to a callback
[Thu Mar  2 02:22:55 2017] [debug] 200 OK (0.000349s, 2865.330/s)
[Thu Mar  2 02:22:55 2017] [error] Can't locate object method "catch" via package "1" (perhaps you forgot to load "1"?) at /home/kostya/ht/t/../lib/HelpTasker.pm line 158.

[Thu Mar  2 02:22:55 2017] [debug] Template "exception.development.html.ep" not found
[Thu Mar  2 02:22:55 2017] [debug] Template "exception.html.ep" not found
[Thu Mar  2 02:22:55 2017] [debug] Rendering template "mojo/debug.html.ep"
[Thu Mar  2 02:22:55 2017] [debug] Rendering template "mojo/menubar.html.ep"
[Thu Mar  2 02:23:02 2017] [debug] Your secret passphrase needs to be changed
[Thu Mar  2 02:23:02 2017] [debug] Your secret passphrase needs to be changed
[Thu Mar  2 02:23:02 2017] [debug] GET "/bye"
[Thu Mar  2 02:23:02 2017] [debug] Routing to a callback
[Thu Mar  2 02:23:02 2017] [debug] 200 OK (0.000358s, 2793.296/s)
[Thu Mar  2 02:23:02 2017] [error] Can't locate object method "catch" via package "1" (perhaps you forgot to load "1"?) at /home/kostya/ht/t/../lib/HelpTasker.pm line 158.

[Thu Mar  2 02:23:02 2017] [debug] Template "exception.development.html.ep" not found
[Thu Mar  2 02:23:02 2017] [debug] Template "exception.html.ep" not found
[Thu Mar  2 02:23:02 2017] [debug] Rendering template "mojo/debug.html.ep"
[Thu Mar  2 02:23:02 2017] [debug] Rendering template "mojo/menubar.html.ep"
[Thu Mar  2 02:23:12 2017] [debug] Your secret passphrase needs to be changed
[Thu Mar  2 02:23:12 2017] [debug] Your secret passphrase needs to be changed
[Thu Mar  2 02:23:12 2017] [debug] GET "/bye"
[Thu Mar  2 02:23:12 2017] [debug] Routing to a callback
[Thu Mar  2 02:23:12 2017] [error] 1 at /home/kostya/ht/script/../t/03-sentry.t line 14.

[Thu Mar  2 02:23:12 2017] [debug] Template "exception.development.html.ep" not found
[Thu Mar  2 02:23:12 2017] [debug] Template "exception.html.ep" not found
[Thu Mar  2 02:23:12 2017] [debug] Rendering template "mojo/debug.html.ep"
[Thu Mar  2 02:23:12 2017] [debug] Rendering template "mojo/menubar.html.ep"
[Thu Mar  2 02:23:12 2017] [debug] 500 Internal Server Error (0.012391s, 80.704/s)
[Thu Mar  2 02:23:26 2017] [debug] Your secret passphrase needs to be changed
[Thu Mar  2 02:23:26 2017] [debug] Your secret passphrase needs to be changed
[Thu Mar  2 02:23:26 2017] [debug] GET "/bye"
[Thu Mar  2 02:23:26 2017] [debug] Routing to a callback
[Thu Mar  2 02:23:26 2017] [error] 1 at /home/kostya/ht/script/../t/03-sentry.t line 14.

[Thu Mar  2 02:23:26 2017] [debug] Template "exception.development.html.ep" not found
[Thu Mar  2 02:23:26 2017] [debug] Template "exception.html.ep" not found
[Thu Mar  2 02:23:26 2017] [debug] Rendering template "mojo/debug.html.ep"
[Thu Mar  2 02:23:27 2017] [debug] Rendering template "mojo/menubar.html.ep"
[Thu Mar  2 02:23:27 2017] [debug] 500 Internal Server Error (0.012314s, 81.208/s)
[Thu Mar  2 02:23:54 2017] [debug] Your secret passphrase needs to be changed
[Thu Mar  2 02:23:54 2017] [debug] Your secret passphrase needs to be changed
[Thu Mar  2 02:23:54 2017] [debug] GET "/bye"
[Thu Mar  2 02:23:54 2017] [debug] Routing to a callback
[Thu Mar  2 02:23:54 2017] [error] 1 at /home/kostya/ht/script/../t/03-sentry.t line 14.

[Thu Mar  2 02:23:54 2017] [debug] Template "exception.development.html.ep" not found
[Thu Mar  2 02:23:54 2017] [debug] Template "exception.html.ep" not found
[Thu Mar  2 02:23:54 2017] [debug] Rendering template "mojo/debug.html.ep"
[Thu Mar  2 02:23:54 2017] [debug] Rendering template "mojo/menubar.html.ep"
[Thu Mar  2 02:23:54 2017] [debug] 500 Internal Server Error (0.012339s, 81.044/s)
[Thu Mar  2 02:24:00 2017] [debug] Your secret passphrase needs to be changed
[Thu Mar  2 02:24:00 2017] [debug] Your secret passphrase needs to be changed
[Thu Mar  2 02:24:00 2017] [debug] GET "/bye"
[Thu Mar  2 02:24:00 2017] [debug] Routing to a callback
[Thu Mar  2 02:24:00 2017] [error] 1 at /home/kostya/ht/script/../t/03-sentry.t line 14.

[Thu Mar  2 02:24:00 2017] [debug] Template "exception.development.html.ep" not found
[Thu Mar  2 02:24:00 2017] [debug] Template "exception.html.ep" not found
[Thu Mar  2 02:24:00 2017] [debug] Rendering template "mojo/debug.html.ep"
[Thu Mar  2 02:24:00 2017] [debug] Rendering template "mojo/menubar.html.ep"
[Thu Mar  2 02:24:00 2017] [debug] 500 Internal Server Error (0.012605s, 79.334/s)
[Thu Mar  2 02:25:21 2017] [debug] Your secret passphrase needs to be changed
[Thu Mar  2 02:25:21 2017] [debug] Your secret passphrase needs to be changed
[Thu Mar  2 02:25:21 2017] [debug] GET "/test/die/"
[Thu Mar  2 02:25:21 2017] [debug] Routing to a callback
[Thu Mar  2 02:25:21 2017] [error] 1 at /home/kostya/ht/t/../lib/HelpTasker.pm line 28.

[Thu Mar  2 02:25:21 2017] [debug] Template "exception.development.html.ep" not found
[Thu Mar  2 02:25:21 2017] [debug] Template "exception.html.ep" not found
[Thu Mar  2 02:25:21 2017] [debug] Rendering template "mojo/debug.html.ep"
[Thu Mar  2 02:25:21 2017] [debug] Rendering template "mojo/menubar.html.ep"
[Thu Mar  2 02:25:21 2017] [debug] 500 Internal Server Error (0.012546s, 79.707/s)
[Thu Mar  2 02:25:43 2017] [debug] Your secret passphrase needs to be changed
[Thu Mar  2 02:25:43 2017] [debug] Your secret passphrase needs to be changed
[Thu Mar  2 02:25:43 2017] [debug] GET "/bye"
[Thu Mar  2 02:25:43 2017] [debug] Routing to a callback
[Thu Mar  2 02:25:43 2017] [debug] 200 OK (0.000355s, 2816.901/s)
[Thu Mar  2 02:25:43 2017] [error] Can't locate object method "catch" via package "1" (perhaps you forgot to load "1"?) at /home/kostya/ht/t/../lib/HelpTasker.pm line 164.

[Thu Mar  2 02:25:43 2017] [debug] Template "exception.development.html.ep" not found
[Thu Mar  2 02:25:43 2017] [debug] Template "exception.html.ep" not found
[Thu Mar  2 02:25:43 2017] [debug] Rendering template "mojo/debug.html.ep"
[Thu Mar  2 02:25:43 2017] [debug] Rendering template "mojo/menubar.html.ep"
[Thu Mar  2 02:26:22 2017] [debug] Your secret passphrase needs to be changed
[Thu Mar  2 02:26:22 2017] [debug] Your secret passphrase needs to be changed
[Thu Mar  2 02:26:22 2017] [debug] GET "/bye"
[Thu Mar  2 02:26:22 2017] [debug] Routing to a callback
[Thu Mar  2 02:26:22 2017] [debug] 200 OK (0.000328s, 3048.780/s)
[Thu Mar  2 02:26:22 2017] [debug] GET "/bye"
[Thu Mar  2 02:26:26 2017] [debug] Your secret passphrase needs to be changed
[Thu Mar  2 02:26:27 2017] [debug] Your secret passphrase needs to be changed
[Thu Mar  2 02:26:27 2017] [debug] GET "/bye"
[Thu Mar  2 02:26:27 2017] [debug] Routing to a callback
[Thu Mar  2 02:26:27 2017] [debug] 200 OK (0.000348s, 2873.563/s)
[Thu Mar  2 02:26:27 2017] [debug] GET "/bye"
[Thu Mar  2 02:26:36 2017] [debug] Your secret passphrase needs to be changed
[Thu Mar  2 02:26:37 2017] [debug] Your secret passphrase needs to be changed
[Thu Mar  2 02:26:37 2017] [debug] GET "/bye"
[Thu Mar  2 02:26:37 2017] [debug] Routing to a callback
[Thu Mar  2 02:26:37 2017] [debug] Routing to a callback
[Thu Mar  2 02:26:37 2017] [error] 1 at /home/kostya/ht/script/../t/03-sentry.t line 14.

[Thu Mar  2 02:26:37 2017] [debug] Template "exception.development.html.ep" not found
[Thu Mar  2 02:26:37 2017] [debug] Template "exception.html.ep" not found
[Thu Mar  2 02:26:37 2017] [debug] Rendering template "mojo/debug.html.ep"
[Thu Mar  2 02:26:37 2017] [debug] Rendering template "mojo/menubar.html.ep"
[Thu Mar  2 02:26:37 2017] [debug] 500 Internal Server Error (0.013209s, 75.706/s)
[Thu Mar  2 02:26:51 2017] [debug] Your secret passphrase needs to be changed
[Thu Mar  2 02:26:51 2017] [debug] Your secret passphrase needs to be changed
[Thu Mar  2 02:26:51 2017] [debug] GET "/die"
[Thu Mar  2 02:26:51 2017] [debug] Routing to a callback
[Thu Mar  2 02:26:51 2017] [debug] Routing to a callback
[Thu Mar  2 02:26:51 2017] [error] 1 at /home/kostya/ht/script/../t/03-sentry.t line 14.

[Thu Mar  2 02:26:51 2017] [debug] Template "exception.development.html.ep" not found
[Thu Mar  2 02:26:51 2017] [debug] Template "exception.html.ep" not found
[Thu Mar  2 02:26:51 2017] [debug] Rendering template "mojo/debug.html.ep"
[Thu Mar  2 02:26:51 2017] [debug] Rendering template "mojo/menubar.html.ep"
[Thu Mar  2 02:26:51 2017] [debug] 500 Internal Server Error (0.01357s, 73.692/s)
